2021-03-08 22:00:33,936 CRITICAL config_client_log.py Критическая ошибка
2021-03-08 22:00:33,937 ERROR config_client_log.py Ошибка
2021-03-08 22:00:33,937 DEBUG config_client_log.py Отладочная информация
2021-03-08 22:00:33,937 INFO config_client_log.py Информационное сообщение
2021-03-08 22:01:43,181 CRITICAL config_client_log.py Критическая ошибка
2021-03-08 22:01:43,182 ERROR config_client_log.py Ошибка
2021-03-08 22:01:43,182 DEBUG config_client_log.py Отладочная информация
2021-03-08 22:01:43,182 INFO config_client_log.py Информационное сообщение
2021-03-08 22:51:33,998 DEBUG client.py Сформировано presence сообщение для пользователя Guest
2021-03-08 22:51:33,999 DEBUG client.py Разбор сообщения от сервера: {'response': 200}
2021-03-08 22:53:26,368 DEBUG client.py Сформировано presence сообщение для пользователя Guest
2021-03-08 22:53:26,368 DEBUG client.py Разбор сообщения от сервера: {'response': 200}
2021-03-08 22:59:35,198 DEBUG client.py Сформировано presence сообщение для пользователя Guest
2021-03-08 22:59:35,199 DEBUG client.py Разбор сообщения от сервера: {'response': 200}
2021-03-08 22:59:35,199 INFO client.py Принят ответ от сервера 200 : OK
2021-03-08 23:23:16,936 INFO client.py Запущен клиент с парамертами: адрес сервера: 192.168.1.2, порт: 8079
2021-03-08 23:23:37,939 ERROR client.py Попытка установить соединение была безуспешной, т.к. от другого компьютера за требуемое время не получен нужный отклик.
2021-03-08 23:46:28,012 INFO client.py Запущен клиент с парамертами: адрес сервера: 192.168.1.2, порт: 8079
2021-03-08 23:46:47,013 DEBUG client.py Сформировано presence сообщение для пользователя Guest
2021-03-08 23:46:47,016 DEBUG client.py Разбор сообщения от сервера: {'response': 200}
2021-03-08 23:46:47,016 INFO client.py Принят ответ от сервера 200 : OK
2021-03-09 00:11:09,888 DEBUG client.py Сформировано presence сообщение для пользователя Guest
2021-03-09 00:11:09,890 DEBUG client.py Разбор сообщения от сервера: {'response': 200}
2021-03-09 00:11:09,890 INFO client.py Принят ответ от сервера 200 : OK
2021-03-09 00:13:11,694 DEBUG client.py Сформировано presence сообщение для пользователя Guest
2021-03-09 00:14:47,486 DEBUG client.py Сформировано presence сообщение для пользователя Guest
2021-03-09 00:14:47,487 DEBUG client.py Разбор сообщения от сервера: {'response': 200}
2021-03-09 00:14:47,487 INFO client.py Принят ответ от сервера 200 : OK
2021-03-09 00:16:45,221 DEBUG client.py Сформировано presence сообщение для пользователя Guest
2021-03-09 00:16:45,223 DEBUG client.py Разбор сообщения от сервера: {'response': 400, 'error': 'Bad Request'}
2021-03-09 00:16:45,223 INFO client.py Принят ответ от сервера 400 : Bad Request
2021-03-09 00:21:13,418 DEBUG client.py Сформировано presence сообщение для пользователя Guest
2021-03-09 00:21:13,419 DEBUG client.py Разбор сообщения от сервера: {'response': 400, 'error': 'Bad Request'}
2021-03-09 00:21:13,419 INFO client.py Принят ответ от сервера 400 : Bad Request
2021-03-09 00:21:38,494 DEBUG client.py Сформировано presence сообщение для пользователя Guest
2021-03-09 00:21:38,495 DEBUG client.py Разбор сообщения от сервера: {'response': 200}
2021-03-09 00:21:38,496 INFO client.py Принят ответ от сервера 200 : OK
2021-03-09 00:27:55,003 DEBUG client.py Сформировано presence сообщение для пользователя Guest
2021-03-09 00:27:55,004 ERROR client.py Не удалось декодировать полученную Json строку.
2021-03-09 00:42:24,056 DEBUG client.py Сформировано presence сообщение для пользователя Guest
2021-03-09 00:46:20,869 DEBUG client.py Сформировано presence сообщение для пользователя Guest
2021-03-09 00:47:01,978 DEBUG client.py Сформировано presence сообщение для пользователя Guest
2021-03-09 00:49:50,451 DEBUG client.py Сформировано presence сообщение для пользователя Guest
2021-03-09 00:49:50,452 ERROR client.py Аргумент функции должен быть словарем!
