2021-03-13 16:01:16,935 DEBUG decorator.py Была вызвана функция start c параметрами (<__main__.JIMServer object at 0x03760FD0>, '', 7777), {}. Используемый модуль: __main__ и функция main(). Также была вызвана функция main.
2021-03-13 16:01:16,936 INFO server.py Запущен сервер, порт для подключений: 7777, адрес с которого принимаются подключения: . Если адрес не указан, принимаются соединения с любых адресов.
2021-03-13 16:02:57,428 DEBUG decorator.py Была вызвана функция start c параметрами (<__main__.JIMServer object at 0x02DE0FD0>, '', 7777), {}. Используемый модуль: __main__ и функция main(). Также была вызвана функция main.
2021-03-13 16:02:57,429 INFO server.py Запущен сервер, порт для подключений: 7777, адрес с которого принимаются подключения: . Если адрес не указан, принимаются соединения с любых адресов.
2021-03-13 16:02:57,543 INFO server.py Установлено соединение с ПК ('127.0.0.1', 54688)
2021-03-13 16:02:57,593 INFO server.py Установлено соединение с ПК ('127.0.0.1', 54689)
2021-03-13 16:02:57,593 INFO server.py Есть сообщения от клиентов
2021-03-13 16:02:57,595 DEBUG decorator.py Была вызвана функция get_message c параметрами (<common.json_messenger.JSONMessenger object at 0x031955F8>,), {}. Используемый модуль: common.json_messenger и функция main(). Также была вызвана функция process.
2021-03-13 16:02:57,598 DEBUG decorator.py Была вызвана функция process_client_message c параметрами (<__main__.JIMServer object at 0x02DE0FD0>, <common.json_messenger.JSONMessenger object at 0x031955F8>, {'action': 'presence', 'time': 1615640577.546368, 'user': {'account_name': 'Guest'}}), {}. Используемый модуль: __main__ и функция main(). Также была вызвана функция process.
2021-03-13 16:02:57,598 INFO server.py Разбор сообщения от клиента : {'action': 'presence', 'time': 1615640577.546368, 'user': {'account_name': 'Guest'}}
2021-03-13 16:02:57,598 INFO server.py Cформирован ответ клиенту {'response': 200}
2021-03-13 16:02:57,602 DEBUG decorator.py Была вызвана функция send_message c параметрами (<common.json_messenger.JSONMessenger object at 0x031955F8>, {'response': 200}), {}. Используемый модуль: common.json_messenger и функция main(). Также была вызвана функция process_client_message.
2021-03-13 16:02:57,602 INFO server.py Установлено соединение с ПК ('127.0.0.1', 54690)
2021-03-13 16:02:57,602 INFO server.py Есть сообщения от клиентов
2021-03-13 16:02:57,604 DEBUG decorator.py Была вызвана функция get_message c параметрами (<common.json_messenger.JSONMessenger object at 0x031953A0>,), {}. Используемый модуль: common.json_messenger и функция main(). Также была вызвана функция process.
2021-03-13 16:02:57,606 DEBUG decorator.py Была вызвана функция process_client_message c параметрами (<__main__.JIMServer object at 0x02DE0FD0>, <common.json_messenger.JSONMessenger object at 0x031953A0>, {'action': 'presence', 'time': 1615640577.5951927, 'user': {'account_name': 'Guest'}}), {}. Используемый модуль: __main__ и функция main(). Также была вызвана функция process.
2021-03-13 16:02:57,606 INFO server.py Разбор сообщения от клиента : {'action': 'presence', 'time': 1615640577.5951927, 'user': {'account_name': 'Guest'}}
2021-03-13 16:02:57,607 INFO server.py Cформирован ответ клиенту {'response': 200}
2021-03-13 16:02:57,610 DEBUG decorator.py Была вызвана функция send_message c параметрами (<common.json_messenger.JSONMessenger object at 0x031953A0>, {'response': 200}), {}. Используемый модуль: common.json_messenger и функция main(). Также была вызвана функция process_client_message.
2021-03-13 16:02:57,612 DEBUG decorator.py Была вызвана функция get_message c параметрами (<common.json_messenger.JSONMessenger object at 0x03195400>,), {}. Используемый модуль: common.json_messenger и функция main(). Также была вызвана функция process.
2021-03-13 16:02:57,615 DEBUG decorator.py Была вызвана функция process_client_message c параметрами (<__main__.JIMServer object at 0x02DE0FD0>, <common.json_messenger.JSONMessenger object at 0x03195400>, {'action': 'presence', 'time': 1615640577.597145, 'user': {'account_name': 'Guest'}}), {}. Используемый модуль: __main__ и функция main(). Также была вызвана функция process.
2021-03-13 16:02:57,615 INFO server.py Разбор сообщения от клиента : {'action': 'presence', 'time': 1615640577.597145, 'user': {'account_name': 'Guest'}}
2021-03-13 16:02:57,615 INFO server.py Cформирован ответ клиенту {'response': 200}
2021-03-13 16:02:57,619 DEBUG decorator.py Была вызвана функция send_message c параметрами (<common.json_messenger.JSONMessenger object at 0x03195400>, {'response': 200}), {}. Используемый модуль: common.json_messenger и функция main(). Также была вызвана функция process_client_message.
2021-03-13 16:02:57,650 INFO server.py Установлено соединение с ПК ('127.0.0.1', 54694)
2021-03-13 16:02:57,651 INFO server.py Установлено соединение с ПК ('127.0.0.1', 54695)
2021-03-13 16:02:57,686 INFO server.py Установлено соединение с ПК ('127.0.0.1', 54696)
2021-03-13 16:02:57,686 INFO server.py Есть сообщения от клиентов
2021-03-13 16:02:57,688 DEBUG decorator.py Была вызвана функция get_message c параметрами (<common.json_messenger.JSONMessenger object at 0x031955F8>,), {}. Используемый модуль: common.json_messenger и функция main(). Также была вызвана функция process.
2021-03-13 16:02:57,690 DEBUG decorator.py Была вызвана функция process_client_message c параметрами (<__main__.JIMServer object at 0x02DE0FD0>, <common.json_messenger.JSONMessenger object at 0x031955F8>, {'action': 'presence', 'time': 1615640577.6528056, 'user': {'account_name': 'Guest'}}), {}. Используемый модуль: __main__ и функция main(). Также была вызвана функция process.
2021-03-13 16:02:57,690 INFO server.py Разбор сообщения от клиента : {'action': 'presence', 'time': 1615640577.6528056, 'user': {'account_name': 'Guest'}}
2021-03-13 16:02:57,690 INFO server.py Cформирован ответ клиенту {'response': 200}
2021-03-13 16:02:57,693 DEBUG decorator.py Была вызвана функция send_message c параметрами (<common.json_messenger.JSONMessenger object at 0x031955F8>, {'response': 200}), {}. Используемый модуль: common.json_messenger и функция main(). Также была вызвана функция process_client_message.
2021-03-13 16:02:57,696 DEBUG decorator.py Была вызвана функция get_message c параметрами (<common.json_messenger.JSONMessenger object at 0x03195370>,), {}. Используемый модуль: common.json_messenger и функция main(). Также была вызвана функция process.
2021-03-13 16:02:57,698 DEBUG decorator.py Была вызвана функция process_client_message c параметрами (<__main__.JIMServer object at 0x02DE0FD0>, <common.json_messenger.JSONMessenger object at 0x03195370>, {'action': 'presence', 'time': 1615640577.6537821, 'user': {'account_name': 'Guest'}}), {}. Используемый модуль: __main__ и функция main(). Также была вызвана функция process.
2021-03-13 16:02:57,698 INFO server.py Разбор сообщения от клиента : {'action': 'presence', 'time': 1615640577.6537821, 'user': {'account_name': 'Guest'}}
2021-03-13 16:02:57,699 INFO server.py Cформирован ответ клиенту {'response': 200}
2021-03-13 16:02:57,701 DEBUG decorator.py Была вызвана функция send_message c параметрами (<common.json_messenger.JSONMessenger object at 0x03195370>, {'response': 200}), {}. Используемый модуль: common.json_messenger и функция main(). Также была вызвана функция process_client_message.
2021-03-13 16:02:57,702 INFO server.py Установлено соединение с ПК ('127.0.0.1', 54697)
2021-03-13 16:02:57,702 INFO server.py Есть сообщения от клиентов
2021-03-13 16:02:57,704 DEBUG decorator.py Была вызвана функция get_message c параметрами (<common.json_messenger.JSONMessenger object at 0x031953A0>,), {}. Используемый модуль: common.json_messenger и функция main(). Также была вызвана функция process.
2021-03-13 16:02:57,707 DEBUG decorator.py Была вызвана функция process_client_message c параметрами (<__main__.JIMServer object at 0x02DE0FD0>, <common.json_messenger.JSONMessenger object at 0x031953A0>, {'action': 'presence', 'time': 1615640577.6889367, 'user': {'account_name': 'Guest'}}), {}. Используемый модуль: __main__ и функция main(). Также была вызвана функция process.
2021-03-13 16:02:57,707 INFO server.py Разбор сообщения от клиента : {'action': 'presence', 'time': 1615640577.6889367, 'user': {'account_name': 'Guest'}}
2021-03-13 16:02:57,707 INFO server.py Cформирован ответ клиенту {'response': 200}
2021-03-13 16:02:57,709 DEBUG decorator.py Была вызвана функция send_message c параметрами (<common.json_messenger.JSONMessenger object at 0x031953A0>, {'response': 200}), {}. Используемый модуль: common.json_messenger и функция main(). Также была вызвана функция process_client_message.
2021-03-13 16:02:57,712 DEBUG decorator.py Была вызвана функция get_message c параметрами (<common.json_messenger.JSONMessenger object at 0x03195628>,), {}. Используемый модуль: common.json_messenger и функция main(). Также была вызвана функция process.
2021-03-13 16:02:57,713 DEBUG decorator.py Была вызвана функция process_client_message c параметрами (<__main__.JIMServer object at 0x02DE0FD0>, <common.json_messenger.JSONMessenger object at 0x03195628>, {'action': 'presence', 'time': 1615640577.6948013, 'user': {'account_name': 'Guest'}}), {}. Используемый модуль: __main__ и функция main(). Также была вызвана функция process.
2021-03-13 16:02:57,714 INFO server.py Разбор сообщения от клиента : {'action': 'presence', 'time': 1615640577.6948013, 'user': {'account_name': 'Guest'}}
2021-03-13 16:02:57,714 INFO server.py Cформирован ответ клиенту {'response': 200}
2021-03-13 16:02:57,716 DEBUG decorator.py Была вызвана функция send_message c параметрами (<common.json_messenger.JSONMessenger object at 0x03195628>, {'response': 200}), {}. Используемый модуль: common.json_messenger и функция main(). Также была вызвана функция process_client_message.
2021-03-13 16:03:22,741 INFO server.py Есть сообщения от клиентов
2021-03-13 16:03:22,744 DEBUG decorator.py Была вызвана функция get_message c параметрами (<common.json_messenger.JSONMessenger object at 0x03195310>,), {}. Используемый модуль: common.json_messenger и функция main(). Также была вызвана функция process.
2021-03-13 16:03:22,748 DEBUG decorator.py Была вызвана функция process_client_message c параметрами (<__main__.JIMServer object at 0x02DE0FD0>, <common.json_messenger.JSONMessenger object at 0x03195310>, {'action': 'message', 'time': 1615640602.661641, 'account_name': 'Guest', 'mess_text': 'asdfasdfasdf'}), {}. Используемый модуль: __main__ и функция main(). Также была вызвана функция process.
2021-03-13 16:03:22,748 INFO server.py Разбор сообщения от клиента : {'action': 'message', 'time': 1615640602.661641, 'account_name': 'Guest', 'mess_text': 'asdfasdfasdf'}
2021-03-13 16:03:22,748 INFO server.py Сообщение от клиента добавлено в очередь
2021-03-13 16:03:22,748 INFO server.py Есть сообщения для отправки и ожидающие клиенты
2021-03-13 16:03:22,751 DEBUG decorator.py Была вызвана функция send_message c параметрами (<common.json_messenger.JSONMessenger object at 0x031955F8>, {'action': 'message', 'sender': 'Guest', 'time': 1615640602.7484784, 'mess_text': 'asdfasdfasdf'}), {}. Используемый модуль: common.json_messenger и функция main(). Также была вызвана функция process.
2021-03-13 16:03:22,753 DEBUG decorator.py Была вызвана функция send_message c параметрами (<common.json_messenger.JSONMessenger object at 0x03195370>, {'action': 'message', 'sender': 'Guest', 'time': 1615640602.7484784, 'mess_text': 'asdfasdfasdf'}), {}. Используемый модуль: common.json_messenger и функция main(). Также была вызвана функция process.
2021-03-13 16:03:22,755 DEBUG decorator.py Была вызвана функция send_message c параметрами (<common.json_messenger.JSONMessenger object at 0x031952E0>, {'action': 'message', 'sender': 'Guest', 'time': 1615640602.7484784, 'mess_text': 'asdfasdfasdf'}), {}. Используемый модуль: common.json_messenger и функция main(). Также была вызвана функция process.
2021-03-13 16:03:22,758 DEBUG decorator.py Была вызвана функция send_message c параметрами (<common.json_messenger.JSONMessenger object at 0x03195208>, {'action': 'message', 'sender': 'Guest', 'time': 1615640602.7484784, 'mess_text': 'asdfasdfasdf'}), {}. Используемый модуль: common.json_messenger и функция main(). Также была вызвана функция process.
2021-03-13 16:03:22,760 DEBUG decorator.py Была вызвана функция send_message c параметрами (<common.json_messenger.JSONMessenger object at 0x03195400>, {'action': 'message', 'sender': 'Guest', 'time': 1615640602.7484784, 'mess_text': 'asdfasdfasdf'}), {}. Используемый модуль: common.json_messenger и функция main(). Также была вызвана функция process.
2021-03-13 16:03:22,762 DEBUG decorator.py Была вызвана функция send_message c параметрами (<common.json_messenger.JSONMessenger object at 0x03195340>, {'action': 'message', 'sender': 'Guest', 'time': 1615640602.7484784, 'mess_text': 'asdfasdfasdf'}), {}. Используемый модуль: common.json_messenger и функция main(). Также была вызвана функция process.
2021-03-13 16:03:22,763 DEBUG decorator.py Была вызвана функция send_message c параметрами (<common.json_messenger.JSONMessenger object at 0x03195658>, {'action': 'message', 'sender': 'Guest', 'time': 1615640602.7484784, 'mess_text': 'asdfasdfasdf'}), {}. Используемый модуль: common.json_messenger и функция main(). Также была вызвана функция process.
2021-03-13 16:03:28,769 INFO server.py Есть сообщения от клиентов
2021-03-13 16:03:28,769 DEBUG decorator.py Была вызвана функция get_message c параметрами (<common.json_messenger.JSONMessenger object at 0x03195310>,), {}. Используемый модуль: common.json_messenger и функция main(). Также была вызвана функция process.
2021-03-13 16:03:28,771 DEBUG decorator.py Была вызвана функция process_client_message c параметрами (<__main__.JIMServer object at 0x02DE0FD0>, <common.json_messenger.JSONMessenger object at 0x03195310>, {'action': 'message', 'time': 1615640608.7504442, 'account_name': 'Guest', 'mess_text': 'asetrfsrthdgfh'}), {}. Используемый модуль: __main__ и функция main(). Также была вызвана функция process.
2021-03-13 16:03:28,771 INFO server.py Разбор сообщения от клиента : {'action': 'message', 'time': 1615640608.7504442, 'account_name': 'Guest', 'mess_text': 'asetrfsrthdgfh'}
2021-03-13 16:03:28,771 INFO server.py Сообщение от клиента добавлено в очередь
2021-03-13 16:03:28,772 INFO server.py Есть сообщения для отправки и ожидающие клиенты
2021-03-13 16:03:28,773 DEBUG decorator.py Была вызвана функция send_message c параметрами (<common.json_messenger.JSONMessenger object at 0x03195370>, {'action': 'message', 'sender': 'Guest', 'time': 1615640608.7729042, 'mess_text': 'asetrfsrthdgfh'}), {}. Используемый модуль: common.json_messenger и функция main(). Также была вызвана функция process.
2021-03-13 16:03:28,775 DEBUG decorator.py Была вызвана функция send_message c параметрами (<common.json_messenger.JSONMessenger object at 0x03195628>, {'action': 'message', 'sender': 'Guest', 'time': 1615640608.7729042, 'mess_text': 'asetrfsrthdgfh'}), {}. Используемый модуль: common.json_messenger и функция main(). Также была вызвана функция process.
2021-03-13 16:03:28,777 DEBUG decorator.py Была вызвана функция send_message c параметрами (<common.json_messenger.JSONMessenger object at 0x031952E0>, {'action': 'message', 'sender': 'Guest', 'time': 1615640608.7729042, 'mess_text': 'asetrfsrthdgfh'}), {}. Используемый модуль: common.json_messenger и функция main(). Также была вызвана функция process.
2021-03-13 16:03:28,779 DEBUG decorator.py Была вызвана функция send_message c параметрами (<common.json_messenger.JSONMessenger object at 0x03195208>, {'action': 'message', 'sender': 'Guest', 'time': 1615640608.7729042, 'mess_text': 'asetrfsrthdgfh'}), {}. Используемый модуль: common.json_messenger и функция main(). Также была вызвана функция process.
2021-03-13 16:03:28,782 DEBUG decorator.py Была вызвана функция send_message c параметрами (<common.json_messenger.JSONMessenger object at 0x03195400>, {'action': 'message', 'sender': 'Guest', 'time': 1615640608.7729042, 'mess_text': 'asetrfsrthdgfh'}), {}. Используемый модуль: common.json_messenger и функция main(). Также была вызвана функция process.
2021-03-13 16:03:28,784 DEBUG decorator.py Была вызвана функция send_message c параметрами (<common.json_messenger.JSONMessenger object at 0x03195340>, {'action': 'message', 'sender': 'Guest', 'time': 1615640608.7729042, 'mess_text': 'asetrfsrthdgfh'}), {}. Используемый модуль: common.json_messenger и функция main(). Также была вызвана функция process.
2021-03-13 16:03:28,785 DEBUG decorator.py Была вызвана функция send_message c параметрами (<common.json_messenger.JSONMessenger object at 0x031953A0>, {'action': 'message', 'sender': 'Guest', 'time': 1615640608.7729042, 'mess_text': 'asetrfsrthdgfh'}), {}. Используемый модуль: common.json_messenger и функция main(). Также была вызвана функция process.
2021-03-13 16:10:05,659 DEBUG decorator.py Была вызвана функция start c параметрами (<__main__.JIMServer object at 0x00FA0FD0>, '', 7777), {}. Используемый модуль: __main__ и функция main(). Также была вызвана функция main.
2021-03-13 16:10:05,659 INFO server.py Запущен сервер, порт для подключений: 7777, адрес с которого принимаются подключения: . Если адрес не указан, принимаются соединения с любых адресов.
2021-03-13 16:10:05,774 INFO server.py Установлено соединение с ПК ('127.0.0.1', 56619)
2021-03-13 16:10:05,817 INFO server.py Установлено соединение с ПК ('127.0.0.1', 56620)
2021-03-13 16:10:05,817 INFO server.py Есть сообщения от клиентов
2021-03-13 16:10:05,820 DEBUG decorator.py Была вызвана функция get_message c параметрами (<common.json_messenger.JSONMessenger object at 0x036C55F8>,), {}. Используемый модуль: common.json_messenger и функция main(). Также была вызвана функция process.
2021-03-13 16:10:05,822 DEBUG decorator.py Была вызвана функция process_client_message c параметрами (<__main__.JIMServer object at 0x00FA0FD0>, <common.json_messenger.JSONMessenger object at 0x036C55F8>, {'action': 'presence', 'time': 1615641005.7775562, 'user': {'account_name': 'Guest'}}), {}. Используемый модуль: __main__ и функция main(). Также была вызвана функция process.
2021-03-13 16:10:05,822 INFO server.py Разбор сообщения от клиента : {'action': 'presence', 'time': 1615641005.7775562, 'user': {'account_name': 'Guest'}}
2021-03-13 16:10:05,823 INFO server.py Cформирован ответ клиенту {'response': 200}
2021-03-13 16:10:05,826 DEBUG decorator.py Была вызвана функция send_message c параметрами (<common.json_messenger.JSONMessenger object at 0x036C55F8>, {'response': 200}), {}. Используемый модуль: common.json_messenger и функция main(). Также была вызвана функция process_client_message.
2021-03-13 16:10:05,826 INFO server.py Установлено соединение с ПК ('127.0.0.1', 56621)
2021-03-13 16:10:05,826 INFO server.py Есть сообщения от клиентов
2021-03-13 16:10:05,838 DEBUG decorator.py Была вызвана функция get_message c параметрами (<common.json_messenger.JSONMessenger object at 0x036C53A0>,), {}. Используемый модуль: common.json_messenger и функция main(). Также была вызвана функция process.
2021-03-13 16:10:05,841 DEBUG decorator.py Была вызвана функция process_client_message c параметрами (<__main__.JIMServer object at 0x00FA0FD0>, <common.json_messenger.JSONMessenger object at 0x036C53A0>, {'action': 'presence', 'time': 1615641005.8205228, 'user': {'account_name': 'Guest'}}), {}. Используемый модуль: __main__ и функция main(). Также была вызвана функция process.
2021-03-13 16:10:05,841 INFO server.py Разбор сообщения от клиента : {'action': 'presence', 'time': 1615641005.8205228, 'user': {'account_name': 'Guest'}}
2021-03-13 16:10:05,841 INFO server.py Cформирован ответ клиенту {'response': 200}
2021-03-13 16:10:05,844 DEBUG decorator.py Была вызвана функция send_message c параметрами (<common.json_messenger.JSONMessenger object at 0x036C53A0>, {'response': 200}), {}. Используемый модуль: common.json_messenger и функция main(). Также была вызвана функция process_client_message.
2021-03-13 16:10:05,851 INFO server.py Установлено соединение с ПК ('127.0.0.1', 56622)
2021-03-13 16:10:05,851 INFO server.py Есть сообщения от клиентов
2021-03-13 16:10:05,854 DEBUG decorator.py Была вызвана функция get_message c параметрами (<common.json_messenger.JSONMessenger object at 0x036C5610>,), {}. Используемый модуль: common.json_messenger и функция main(). Также была вызвана функция process.
2021-03-13 16:10:05,856 DEBUG decorator.py Была вызвана функция process_client_message c параметрами (<__main__.JIMServer object at 0x00FA0FD0>, <common.json_messenger.JSONMessenger object at 0x036C5610>, {'action': 'presence', 'time': 1615641005.8293104, 'user': {'account_name': 'Guest'}}), {}. Используемый модуль: __main__ и функция main(). Также была вызвана функция process.
2021-03-13 16:10:05,857 INFO server.py Разбор сообщения от клиента : {'action': 'presence', 'time': 1615641005.8293104, 'user': {'account_name': 'Guest'}}
2021-03-13 16:10:05,857 INFO server.py Cформирован ответ клиенту {'response': 200}
2021-03-13 16:10:05,860 DEBUG decorator.py Была вызвана функция send_message c параметрами (<common.json_messenger.JSONMessenger object at 0x036C5610>, {'response': 200}), {}. Используемый модуль: common.json_messenger и функция main(). Также была вызвана функция process_client_message.
2021-03-13 16:10:05,863 INFO server.py Установлено соединение с ПК ('127.0.0.1', 56623)
2021-03-13 16:10:05,863 INFO server.py Есть сообщения от клиентов
2021-03-13 16:10:05,865 DEBUG decorator.py Была вызвана функция get_message c параметрами (<common.json_messenger.JSONMessenger object at 0x036C53A0>,), {}. Используемый модуль: common.json_messenger и функция main(). Также была вызвана функция process.
2021-03-13 16:10:05,869 DEBUG decorator.py Была вызвана функция process_client_message c параметрами (<__main__.JIMServer object at 0x00FA0FD0>, <common.json_messenger.JSONMessenger object at 0x036C53A0>, {'action': 'presence', 'time': 1615641005.8547, 'user': {'account_name': 'Guest'}}), {}. Используемый модуль: __main__ и функция main(). Также была вызвана функция process.
2021-03-13 16:10:05,870 INFO server.py Разбор сообщения от клиента : {'action': 'presence', 'time': 1615641005.8547, 'user': {'account_name': 'Guest'}}
2021-03-13 16:10:05,870 INFO server.py Cформирован ответ клиенту {'response': 200}
2021-03-13 16:10:05,873 DEBUG decorator.py Была вызвана функция send_message c параметрами (<common.json_messenger.JSONMessenger object at 0x036C53A0>, {'response': 200}), {}. Используемый модуль: common.json_messenger и функция main(). Также была вызвана функция process_client_message.
2021-03-13 16:10:05,874 INFO server.py Установлено соединение с ПК ('127.0.0.1', 56624)
2021-03-13 16:10:05,874 INFO server.py Есть сообщения от клиентов
2021-03-13 16:10:05,877 DEBUG decorator.py Была вызвана функция get_message c параметрами (<common.json_messenger.JSONMessenger object at 0x036C5610>,), {}. Используемый модуль: common.json_messenger и функция main(). Также была вызвана функция process.
2021-03-13 16:10:05,880 DEBUG decorator.py Была вызвана функция process_client_message c параметрами (<__main__.JIMServer object at 0x00FA0FD0>, <common.json_messenger.JSONMessenger object at 0x036C5610>, {'action': 'presence', 'time': 1615641005.8664176, 'user': {'account_name': 'Guest'}}), {}. Используемый модуль: __main__ и функция main(). Также была вызвана функция process.
2021-03-13 16:10:05,880 INFO server.py Разбор сообщения от клиента : {'action': 'presence', 'time': 1615641005.8664176, 'user': {'account_name': 'Guest'}}
2021-03-13 16:10:05,880 INFO server.py Cформирован ответ клиенту {'response': 200}
2021-03-13 16:10:05,883 DEBUG decorator.py Была вызвана функция send_message c параметрами (<common.json_messenger.JSONMessenger object at 0x036C5610>, {'response': 200}), {}. Используемый модуль: common.json_messenger и функция main(). Также была вызвана функция process_client_message.
2021-03-13 16:10:05,883 INFO server.py Установлено соединение с ПК ('127.0.0.1', 56625)
2021-03-13 16:10:05,883 INFO server.py Есть сообщения от клиентов
2021-03-13 16:10:05,886 DEBUG decorator.py Была вызвана функция get_message c параметрами (<common.json_messenger.JSONMessenger object at 0x036C55F8>,), {}. Используемый модуль: common.json_messenger и функция main(). Также была вызвана функция process.
2021-03-13 16:10:05,888 DEBUG decorator.py Была вызвана функция process_client_message c параметрами (<__main__.JIMServer object at 0x00FA0FD0>, <common.json_messenger.JSONMessenger object at 0x036C55F8>, {'action': 'presence', 'time': 1615641005.8771596, 'user': {'account_name': 'Guest'}}), {}. Используемый модуль: __main__ и функция main(). Также была вызвана функция process.
2021-03-13 16:10:05,888 INFO server.py Разбор сообщения от клиента : {'action': 'presence', 'time': 1615641005.8771596, 'user': {'account_name': 'Guest'}}
2021-03-13 16:10:05,888 INFO server.py Cформирован ответ клиенту {'response': 200}
2021-03-13 16:10:05,891 DEBUG decorator.py Была вызвана функция send_message c параметрами (<common.json_messenger.JSONMessenger object at 0x036C55F8>, {'response': 200}), {}. Используемый модуль: common.json_messenger и функция main(). Также была вызвана функция process_client_message.
2021-03-13 16:10:06,393 INFO server.py Есть сообщения от клиентов
2021-03-13 16:10:06,394 DEBUG decorator.py Была вызвана функция get_message c параметрами (<common.json_messenger.JSONMessenger object at 0x036C53A0>,), {}. Используемый модуль: common.json_messenger и функция main(). Также была вызвана функция process.
2021-03-13 16:10:06,396 DEBUG decorator.py Была вызвана функция process_client_message c параметрами (<__main__.JIMServer object at 0x00FA0FD0>, <common.json_messenger.JSONMessenger object at 0x036C53A0>, {'action': 'presence', 'time': 1615641005.8791132, 'user': {'account_name': 'Guest'}}), {}. Используемый модуль: __main__ и функция main(). Также была вызвана функция process.
2021-03-13 16:10:06,396 INFO server.py Разбор сообщения от клиента : {'action': 'presence', 'time': 1615641005.8791132, 'user': {'account_name': 'Guest'}}
2021-03-13 16:10:06,396 INFO server.py Cформирован ответ клиенту {'response': 200}
2021-03-13 16:10:06,398 DEBUG decorator.py Была вызвана функция send_message c параметрами (<common.json_messenger.JSONMessenger object at 0x036C53A0>, {'response': 200}), {}. Используемый модуль: common.json_messenger и функция main(). Также была вызвана функция process_client_message.
2021-03-13 16:10:26,918 INFO server.py Есть сообщения от клиентов
2021-03-13 16:10:26,920 DEBUG decorator.py Была вызвана функция get_message c параметрами (<common.json_messenger.JSONMessenger object at 0x036C5610>,), {}. Используемый модуль: common.json_messenger и функция main(). Также была вызвана функция process.
2021-03-13 16:10:26,921 DEBUG decorator.py Была вызвана функция process_client_message c параметрами (<__main__.JIMServer object at 0x00FA0FD0>, <common.json_messenger.JSONMessenger object at 0x036C5610>, {'action': 'message', 'time': 1615641026.5254917, 'account_name': 'Guest', 'mess_text': 'sdfadsfasfd'}), {}. Используемый модуль: __main__ и функция main(). Также была вызвана функция process.
2021-03-13 16:10:26,922 INFO server.py Разбор сообщения от клиента : {'action': 'message', 'time': 1615641026.5254917, 'account_name': 'Guest', 'mess_text': 'sdfadsfasfd'}
2021-03-13 16:10:26,922 INFO server.py Сообщение от клиента добавлено в очередь
2021-03-13 16:10:26,922 INFO server.py Есть сообщения для отправки и ожидающие клиенты
2021-03-13 16:10:26,923 DEBUG decorator.py Была вызвана функция send_message c параметрами (<common.json_messenger.JSONMessenger object at 0x036C5370>, {'action': 'message', 'sender': 'Guest', 'time': 1615641026.9225547, 'mess_text': 'sdfadsfasfd'}), {}. Используемый модуль: common.json_messenger и функция main(). Также была вызвана функция process.
2021-03-13 16:10:26,925 DEBUG decorator.py Была вызвана функция send_message c параметрами (<common.json_messenger.JSONMessenger object at 0x036C55F8>, {'action': 'message', 'sender': 'Guest', 'time': 1615641026.9225547, 'mess_text': 'sdfadsfasfd'}), {}. Используемый модуль: common.json_messenger и функция main(). Также была вызвана функция process.
2021-03-13 16:10:26,927 DEBUG decorator.py Была вызвана функция send_message c параметрами (<common.json_messenger.JSONMessenger object at 0x036C52E0>, {'action': 'message', 'sender': 'Guest', 'time': 1615641026.9225547, 'mess_text': 'sdfadsfasfd'}), {}. Используемый модуль: common.json_messenger и функция main(). Также была вызвана функция process.
2021-03-13 16:10:26,929 DEBUG decorator.py Была вызвана функция send_message c параметрами (<common.json_messenger.JSONMessenger object at 0x036C5208>, {'action': 'message', 'sender': 'Guest', 'time': 1615641026.9225547, 'mess_text': 'sdfadsfasfd'}), {}. Используемый модуль: common.json_messenger и функция main(). Также была вызвана функция process.
2021-03-13 16:10:26,931 DEBUG decorator.py Была вызвана функция send_message c параметрами (<common.json_messenger.JSONMessenger object at 0x036C5220>, {'action': 'message', 'sender': 'Guest', 'time': 1615641026.9225547, 'mess_text': 'sdfadsfasfd'}), {}. Используемый модуль: common.json_messenger и функция main(). Также была вызвана функция process.
2021-03-13 16:10:26,933 DEBUG decorator.py Была вызвана функция send_message c параметрами (<common.json_messenger.JSONMessenger object at 0x036C5340>, {'action': 'message', 'sender': 'Guest', 'time': 1615641026.9225547, 'mess_text': 'sdfadsfasfd'}), {}. Используемый модуль: common.json_messenger и функция main(). Также была вызвана функция process.
2021-03-13 16:10:26,935 DEBUG decorator.py Была вызвана функция send_message c параметрами (<common.json_messenger.JSONMessenger object at 0x036C5658>, {'action': 'message', 'sender': 'Guest', 'time': 1615641026.9225547, 'mess_text': 'sdfadsfasfd'}), {}. Используемый модуль: common.json_messenger и функция main(). Также была вызвана функция process.
2021-03-13 16:16:39,809 DEBUG decorator.py Была вызвана функция start c параметрами (<__main__.JIMServer object at 0x01440FD0>, '', 7777), {}. Используемый модуль: __main__ и функция main(). Также была вызвана функция main.
2021-03-13 16:16:39,809 INFO server.py Запущен сервер, порт для подключений: 7777, адрес с которого принимаются подключения: . Если адрес не указан, принимаются соединения с любых адресов.
2021-03-13 16:16:39,872 INFO server.py Установлено соединение с ПК ('127.0.0.1', 58034)
2021-03-13 16:16:39,873 INFO server.py Установлено соединение с ПК ('127.0.0.1', 58035)
2021-03-13 16:16:39,894 INFO server.py Установлено соединение с ПК ('127.0.0.1', 58036)
2021-03-13 16:16:39,894 INFO server.py Есть сообщения от клиентов
2021-03-13 16:16:39,897 DEBUG decorator.py Была вызвана функция get_message c параметрами (<common.json_messenger.JSONMessenger object at 0x03B375F8>,), {}. Используемый модуль: common.json_messenger и функция main(). Также была вызвана функция process.
2021-03-13 16:16:39,899 DEBUG decorator.py Была вызвана функция process_client_message c параметрами (<__main__.JIMServer object at 0x01440FD0>, <common.json_messenger.JSONMessenger object at 0x03B375F8>, {'action': 'presence', 'time': 1615641399.8773549, 'user': {'account_name': 'Guest'}}), {}. Используемый модуль: __main__ и функция main(). Также была вызвана функция process.
2021-03-13 16:16:39,899 INFO server.py Разбор сообщения от клиента : {'action': 'presence', 'time': 1615641399.8773549, 'user': {'account_name': 'Guest'}}
2021-03-13 16:16:39,900 INFO server.py Cформирован ответ клиенту {'response': 200}
2021-03-13 16:16:39,902 DEBUG decorator.py Была вызвана функция send_message c параметрами (<common.json_messenger.JSONMessenger object at 0x03B375F8>, {'response': 200}), {}. Используемый модуль: common.json_messenger и функция main(). Также была вызвана функция process_client_message.
2021-03-13 16:16:39,905 DEBUG decorator.py Была вызвана функция get_message c параметрами (<common.json_messenger.JSONMessenger object at 0x03B37310>,), {}. Используемый модуль: common.json_messenger и функция main(). Также была вызвана функция process.
2021-03-13 16:16:39,907 DEBUG decorator.py Была вызвана функция process_client_message c параметрами (<__main__.JIMServer object at 0x01440FD0>, <common.json_messenger.JSONMessenger object at 0x03B37310>, {'action': 'presence', 'time': 1615641399.878332, 'user': {'account_name': 'Guest'}}), {}. Используемый модуль: __main__ и функция main(). Также была вызвана функция process.
2021-03-13 16:16:39,907 INFO server.py Разбор сообщения от клиента : {'action': 'presence', 'time': 1615641399.878332, 'user': {'account_name': 'Guest'}}
2021-03-13 16:16:39,907 INFO server.py Cформирован ответ клиенту {'response': 200}
2021-03-13 16:16:39,910 DEBUG decorator.py Была вызвана функция send_message c параметрами (<common.json_messenger.JSONMessenger object at 0x03B37310>, {'response': 200}), {}. Используемый модуль: common.json_messenger и функция main(). Также была вызвана функция process_client_message.
2021-03-13 16:16:39,911 INFO server.py Установлено соединение с ПК ('127.0.0.1', 58037)
2021-03-13 16:16:39,911 INFO server.py Есть сообщения от клиентов
2021-03-13 16:16:39,913 DEBUG decorator.py Была вызвана функция get_message c параметрами (<common.json_messenger.JSONMessenger object at 0x03B37208>,), {}. Используемый модуль: common.json_messenger и функция main(). Также была вызвана функция process.
2021-03-13 16:16:39,915 DEBUG decorator.py Была вызвана функция process_client_message c параметрами (<__main__.JIMServer object at 0x01440FD0>, <common.json_messenger.JSONMessenger object at 0x03B37208>, {'action': 'presence', 'time': 1615641399.8968842, 'user': {'account_name': 'Guest'}}), {}. Используемый модуль: __main__ и функция main(). Также была вызвана функция process.
2021-03-13 16:16:39,916 INFO server.py Разбор сообщения от клиента : {'action': 'presence', 'time': 1615641399.8968842, 'user': {'account_name': 'Guest'}}
2021-03-13 16:16:39,916 INFO server.py Cформирован ответ клиенту {'response': 200}
2021-03-13 16:16:39,919 DEBUG decorator.py Была вызвана функция send_message c параметрами (<common.json_messenger.JSONMessenger object at 0x03B37208>, {'response': 200}), {}. Используемый модуль: common.json_messenger и функция main(). Также была вызвана функция process_client_message.
2021-03-13 16:16:39,921 DEBUG decorator.py Была вызвана функция get_message c параметрами (<common.json_messenger.JSONMessenger object at 0x03B37220>,), {}. Используемый модуль: common.json_messenger и функция main(). Также была вызвана функция process.
2021-03-13 16:16:39,923 DEBUG decorator.py Была вызвана функция process_client_message c параметрами (<__main__.JIMServer object at 0x01440FD0>, <common.json_messenger.JSONMessenger object at 0x03B37220>, {'action': 'presence', 'time': 1615641399.900791, 'user': {'account_name': 'Guest'}}), {}. Используемый модуль: __main__ и функция main(). Также была вызвана функция process.
2021-03-13 16:16:39,923 INFO server.py Разбор сообщения от клиента : {'action': 'presence', 'time': 1615641399.900791, 'user': {'account_name': 'Guest'}}
2021-03-13 16:16:39,924 INFO server.py Cформирован ответ клиенту {'response': 200}
2021-03-13 16:16:39,926 DEBUG decorator.py Была вызвана функция send_message c параметрами (<common.json_messenger.JSONMessenger object at 0x03B37220>, {'response': 200}), {}. Используемый модуль: common.json_messenger и функция main(). Также была вызвана функция process_client_message.
2021-03-13 16:16:39,926 INFO server.py Установлено соединение с ПК ('127.0.0.1', 58038)
2021-03-13 16:16:40,290 INFO server.py Установлено соединение с ПК ('127.0.0.1', 58032)
2021-03-13 16:16:40,290 INFO server.py Есть сообщения от клиентов
2021-03-13 16:16:40,291 DEBUG decorator.py Была вызвана функция get_message c параметрами (<common.json_messenger.JSONMessenger object at 0x03B37310>,), {}. Используемый модуль: common.json_messenger и функция main(). Также была вызвана функция process.
2021-03-13 16:16:40,294 DEBUG decorator.py Была вызвана функция process_client_message c параметрами (<__main__.JIMServer object at 0x01440FD0>, <common.json_messenger.JSONMessenger object at 0x03B37310>, {'action': 'presence', 'time': 1615641399.9271562, 'user': {'account_name': 'Guest'}}), {}. Используемый модуль: __main__ и функция main(). Также была вызвана функция process.
2021-03-13 16:16:40,294 INFO server.py Разбор сообщения от клиента : {'action': 'presence', 'time': 1615641399.9271562, 'user': {'account_name': 'Guest'}}
2021-03-13 16:16:40,294 INFO server.py Cформирован ответ клиенту {'response': 200}
2021-03-13 16:16:40,297 DEBUG decorator.py Была вызвана функция send_message c параметрами (<common.json_messenger.JSONMessenger object at 0x03B37310>, {'response': 200}), {}. Используемый модуль: common.json_messenger и функция main(). Также была вызвана функция process_client_message.
2021-03-13 16:16:40,297 INFO server.py Установлено соединение с ПК ('127.0.0.1', 58033)
2021-03-13 16:16:40,298 INFO server.py Есть сообщения от клиентов
2021-03-13 16:16:40,300 DEBUG decorator.py Была вызвана функция get_message c параметрами (<common.json_messenger.JSONMessenger object at 0x03B372E0>,), {}. Используемый модуль: common.json_messenger и функция main(). Также была вызвана функция process.
2021-03-13 16:16:40,302 DEBUG decorator.py Была вызвана функция process_client_message c параметрами (<__main__.JIMServer object at 0x01440FD0>, <common.json_messenger.JSONMessenger object at 0x03B372E0>, {'action': 'presence', 'time': 1615641400.292937, 'user': {'account_name': 'Guest'}}), {}. Используемый модуль: __main__ и функция main(). Также была вызвана функция process.
2021-03-13 16:16:40,302 INFO server.py Разбор сообщения от клиента : {'action': 'presence', 'time': 1615641400.292937, 'user': {'account_name': 'Guest'}}
2021-03-13 16:16:40,302 INFO server.py Cформирован ответ клиенту {'response': 200}
2021-03-13 16:16:40,305 DEBUG decorator.py Была вызвана функция send_message c параметрами (<common.json_messenger.JSONMessenger object at 0x03B372E0>, {'response': 200}), {}. Используемый модуль: common.json_messenger и функция main(). Также была вызвана функция process_client_message.
2021-03-13 16:16:40,805 INFO server.py Есть сообщения от клиентов
2021-03-13 16:16:40,807 DEBUG decorator.py Была вызвана функция get_message c параметрами (<common.json_messenger.JSONMessenger object at 0x03B37220>,), {}. Используемый модуль: common.json_messenger и функция main(). Также была вызвана функция process.
2021-03-13 16:16:40,808 DEBUG decorator.py Была вызвана функция process_client_message c параметрами (<__main__.JIMServer object at 0x01440FD0>, <common.json_messenger.JSONMessenger object at 0x03B37220>, {'action': 'presence', 'time': 1615641400.2958653, 'user': {'account_name': 'Guest'}}), {}. Используемый модуль: __main__ и функция main(). Также была вызвана функция process.
2021-03-13 16:16:40,809 INFO server.py Разбор сообщения от клиента : {'action': 'presence', 'time': 1615641400.2958653, 'user': {'account_name': 'Guest'}}
2021-03-13 16:16:40,809 INFO server.py Cформирован ответ клиенту {'response': 200}
2021-03-13 16:16:40,812 DEBUG decorator.py Была вызвана функция send_message c параметрами (<common.json_messenger.JSONMessenger object at 0x03B37220>, {'response': 200}), {}. Используемый модуль: common.json_messenger и функция main(). Также была вызвана функция process_client_message.
2021-03-13 16:16:47,319 INFO server.py Есть сообщения от клиентов
2021-03-13 16:16:47,320 DEBUG decorator.py Была вызвана функция get_message c параметрами (<common.json_messenger.JSONMessenger object at 0x03B37310>,), {}. Используемый модуль: common.json_messenger и функция main(). Также была вызвана функция process.
2021-03-13 16:16:47,321 INFO server.py Клиент ('127.0.0.1', 58038) отключился от сервера.
2021-03-13 16:16:49,322 INFO server.py Есть сообщения от клиентов
2021-03-13 16:16:49,324 DEBUG decorator.py Была вызвана функция get_message c параметрами (<common.json_messenger.JSONMessenger object at 0x03B37220>,), {}. Используемый модуль: common.json_messenger и функция main(). Также была вызвана функция process.
2021-03-13 16:16:49,324 INFO server.py Клиент ('127.0.0.1', 58032) отключился от сервера.
2021-03-13 16:17:02,837 INFO server.py Есть сообщения от клиентов
2021-03-13 16:17:02,839 DEBUG decorator.py Была вызвана функция get_message c параметрами (<common.json_messenger.JSONMessenger object at 0x03B37310>,), {}. Используемый модуль: common.json_messenger и функция main(). Также была вызвана функция process.
2021-03-13 16:17:02,840 DEBUG decorator.py Была вызвана функция process_client_message c параметрами (<__main__.JIMServer object at 0x01440FD0>, <common.json_messenger.JSONMessenger object at 0x03B37310>, {'action': 'message', 'time': 1615641422.7572076, 'account_name': 'Guest', 'mess_text': 'fdgsdfsdfs'}), {}. Используемый модуль: __main__ и функция main(). Также была вызвана функция process.
2021-03-13 16:17:02,841 INFO server.py Разбор сообщения от клиента : {'action': 'message', 'time': 1615641422.7572076, 'account_name': 'Guest', 'mess_text': 'fdgsdfsdfs'}
2021-03-13 16:17:02,841 INFO server.py Сообщение от клиента добавлено в очередь
2021-03-13 16:17:02,841 INFO server.py Есть сообщения для отправки и ожидающие клиенты
2021-03-13 16:17:02,842 DEBUG decorator.py Была вызвана функция send_message c параметрами (<common.json_messenger.JSONMessenger object at 0x03B37340>, {'action': 'message', 'sender': 'Guest', 'time': 1615641422.8411863, 'mess_text': 'fdgsdfsdfs'}), {}. Используемый модуль: common.json_messenger и функция main(). Также была вызвана функция process.
2021-03-13 16:17:02,844 DEBUG decorator.py Была вызвана функция send_message c параметрами (<common.json_messenger.JSONMessenger object at 0x03B372E0>, {'action': 'message', 'sender': 'Guest', 'time': 1615641422.8411863, 'mess_text': 'fdgsdfsdfs'}), {}. Используемый модуль: common.json_messenger и функция main(). Также была вызвана функция process.
2021-03-13 16:17:02,845 DEBUG decorator.py Была вызвана функция send_message c параметрами (<common.json_messenger.JSONMessenger object at 0x03B37370>, {'action': 'message', 'sender': 'Guest', 'time': 1615641422.8411863, 'mess_text': 'fdgsdfsdfs'}), {}. Используемый модуль: common.json_messenger и функция main(). Также была вызвана функция process.
2021-03-13 16:17:02,847 DEBUG decorator.py Была вызвана функция send_message c параметрами (<common.json_messenger.JSONMessenger object at 0x03B37658>, {'action': 'message', 'sender': 'Guest', 'time': 1615641422.8411863, 'mess_text': 'fdgsdfsdfs'}), {}. Используемый модуль: common.json_messenger и функция main(). Также была вызвана функция process.
2021-03-13 16:17:02,850 DEBUG decorator.py Была вызвана функция send_message c параметрами (<common.json_messenger.JSONMessenger object at 0x03B37628>, {'action': 'message', 'sender': 'Guest', 'time': 1615641422.8411863, 'mess_text': 'fdgsdfsdfs'}), {}. Используемый модуль: common.json_messenger и функция main(). Также была вызвана функция process.
2021-03-13 16:17:05,855 INFO server.py Есть сообщения от клиентов
2021-03-13 16:17:05,857 DEBUG decorator.py Была вызвана функция get_message c параметрами (<common.json_messenger.JSONMessenger object at 0x03B37220>,), {}. Используемый модуль: common.json_messenger и функция main(). Также была вызвана функция process.
2021-03-13 16:17:05,858 DEBUG decorator.py Была вызвана функция process_client_message c параметрами (<__main__.JIMServer object at 0x01440FD0>, <common.json_messenger.JSONMessenger object at 0x03B37220>, {'action': 'message', 'time': 1615641425.3975296, 'account_name': 'Guest', 'mess_text': 'asdfafda'}), {}. Используемый модуль: __main__ и функция main(). Также была вызвана функция process.
2021-03-13 16:17:05,859 INFO server.py Разбор сообщения от клиента : {'action': 'message', 'time': 1615641425.3975296, 'account_name': 'Guest', 'mess_text': 'asdfafda'}
2021-03-13 16:17:05,859 INFO server.py Сообщение от клиента добавлено в очередь
2021-03-13 16:17:05,859 INFO server.py Есть сообщения для отправки и ожидающие клиенты
2021-03-13 16:17:05,860 DEBUG decorator.py Была вызвана функция send_message c параметрами (<common.json_messenger.JSONMessenger object at 0x03B37310>, {'action': 'message', 'sender': 'Guest', 'time': 1615641425.85915, 'mess_text': 'asdfafda'}), {}. Используемый модуль: common.json_messenger и функция main(). Также была вызвана функция process.
2021-03-13 16:17:05,862 DEBUG decorator.py Была вызвана функция send_message c параметрами (<common.json_messenger.JSONMessenger object at 0x03B373A0>, {'action': 'message', 'sender': 'Guest', 'time': 1615641425.85915, 'mess_text': 'asdfafda'}), {}. Используемый модуль: common.json_messenger и функция main(). Также была вызвана функция process.
2021-03-13 16:17:05,863 DEBUG decorator.py Была вызвана функция send_message c параметрами (<common.json_messenger.JSONMessenger object at 0x03B37340>, {'action': 'message', 'sender': 'Guest', 'time': 1615641425.85915, 'mess_text': 'asdfafda'}), {}. Используемый модуль: common.json_messenger и функция main(). Также была вызвана функция process.
2021-03-13 16:17:05,865 DEBUG decorator.py Была вызвана функция send_message c параметрами (<common.json_messenger.JSONMessenger object at 0x03B372E0>, {'action': 'message', 'sender': 'Guest', 'time': 1615641425.85915, 'mess_text': 'asdfafda'}), {}. Используемый модуль: common.json_messenger и функция main(). Также была вызвана функция process.
2021-03-13 16:17:05,867 DEBUG decorator.py Была вызвана функция send_message c параметрами (<common.json_messenger.JSONMessenger object at 0x03B37370>, {'action': 'message', 'sender': 'Guest', 'time': 1615641425.85915, 'mess_text': 'asdfafda'}), {}. Используемый модуль: common.json_messenger и функция main(). Также была вызвана функция process.
2021-03-13 16:17:07,870 INFO server.py Есть сообщения от клиентов
2021-03-13 16:17:07,871 DEBUG decorator.py Была вызвана функция get_message c параметрами (<common.json_messenger.JSONMessenger object at 0x03B37628>,), {}. Используемый модуль: common.json_messenger и функция main(). Также была вызвана функция process.
2021-03-13 16:17:07,873 DEBUG decorator.py Была вызвана функция process_client_message c параметрами (<__main__.JIMServer object at 0x01440FD0>, <common.json_messenger.JSONMessenger object at 0x03B37628>, {'action': 'message', 'time': 1615641427.7443457, 'account_name': 'Guest', 'mess_text': 'asdfaertwegrsdg'}), {}. Используемый модуль: __main__ и функция main(). Также была вызвана функция process.
2021-03-13 16:17:07,873 INFO server.py Разбор сообщения от клиента : {'action': 'message', 'time': 1615641427.7443457, 'account_name': 'Guest', 'mess_text': 'asdfaertwegrsdg'}
2021-03-13 16:17:07,873 INFO server.py Сообщение от клиента добавлено в очередь
2021-03-13 16:17:07,873 INFO server.py Есть сообщения для отправки и ожидающие клиенты
2021-03-13 16:17:07,875 DEBUG decorator.py Была вызвана функция send_message c параметрами (<common.json_messenger.JSONMessenger object at 0x03B37220>, {'action': 'message', 'sender': 'Guest', 'time': 1615641427.8735876, 'mess_text': 'asdfaertwegrsdg'}), {}. Используемый модуль: common.json_messenger и функция main(). Также была вызвана функция process.
2021-03-13 16:17:07,877 DEBUG decorator.py Была вызвана функция send_message c параметрами (<common.json_messenger.JSONMessenger object at 0x03B373B8>, {'action': 'message', 'sender': 'Guest', 'time': 1615641427.8735876, 'mess_text': 'asdfaertwegrsdg'}), {}. Используемый модуль: common.json_messenger и функция main(). Также была вызвана функция process.
2021-03-13 16:17:07,879 DEBUG decorator.py Была вызвана функция send_message c параметрами (<common.json_messenger.JSONMessenger object at 0x03B37310>, {'action': 'message', 'sender': 'Guest', 'time': 1615641427.8735876, 'mess_text': 'asdfaertwegrsdg'}), {}. Используемый модуль: common.json_messenger и функция main(). Также была вызвана функция process.
2021-03-13 16:17:07,881 DEBUG decorator.py Была вызвана функция send_message c параметрами (<common.json_messenger.JSONMessenger object at 0x03B373A0>, {'action': 'message', 'sender': 'Guest', 'time': 1615641427.8735876, 'mess_text': 'asdfaertwegrsdg'}), {}. Используемый модуль: common.json_messenger и функция main(). Также была вызвана функция process.
2021-03-13 16:17:07,883 DEBUG decorator.py Была вызвана функция send_message c параметрами (<common.json_messenger.JSONMessenger object at 0x03B37340>, {'action': 'message', 'sender': 'Guest', 'time': 1615641427.8735876, 'mess_text': 'asdfaertwegrsdg'}), {}. Используемый модуль: common.json_messenger и функция main(). Также была вызвана функция process.
2021-03-13 16:17:09,885 INFO server.py Есть сообщения от клиентов
2021-03-13 16:17:09,887 DEBUG decorator.py Была вызвана функция get_message c параметрами (<common.json_messenger.JSONMessenger object at 0x03B37370>,), {}. Используемый модуль: common.json_messenger и функция main(). Также была вызвана функция process.
2021-03-13 16:17:09,888 DEBUG decorator.py Была вызвана функция process_client_message c параметрами (<__main__.JIMServer object at 0x01440FD0>, <common.json_messenger.JSONMessenger object at 0x03B37370>, {'action': 'message', 'time': 1615641429.645741, 'account_name': 'Guest', 'mess_text': 'afdsgasfrg'}), {}. Используемый модуль: __main__ и функция main(). Также была вызвана функция process.
2021-03-13 16:17:09,888 INFO server.py Разбор сообщения от клиента : {'action': 'message', 'time': 1615641429.645741, 'account_name': 'Guest', 'mess_text': 'afdsgasfrg'}
2021-03-13 16:17:09,888 INFO server.py Сообщение от клиента добавлено в очередь
2021-03-13 16:17:09,888 INFO server.py Есть сообщения для отправки и ожидающие клиенты
2021-03-13 16:17:09,890 DEBUG decorator.py Была вызвана функция send_message c параметрами (<common.json_messenger.JSONMessenger object at 0x03B37628>, {'action': 'message', 'sender': 'Guest', 'time': 1615641429.8891368, 'mess_text': 'afdsgasfrg'}), {}. Используемый модуль: common.json_messenger и функция main(). Также была вызвана функция process.
2021-03-13 16:17:09,891 DEBUG decorator.py Была вызвана функция send_message c параметрами (<common.json_messenger.JSONMessenger object at 0x03B37208>, {'action': 'message', 'sender': 'Guest', 'time': 1615641429.8891368, 'mess_text': 'afdsgasfrg'}), {}. Используемый модуль: common.json_messenger и функция main(). Также была вызвана функция process.
2021-03-13 16:17:09,893 DEBUG decorator.py Была вызвана функция send_message c параметрами (<common.json_messenger.JSONMessenger object at 0x03B37220>, {'action': 'message', 'sender': 'Guest', 'time': 1615641429.8891368, 'mess_text': 'afdsgasfrg'}), {}. Используемый модуль: common.json_messenger и функция main(). Также была вызвана функция process.
2021-03-13 16:17:09,895 DEBUG decorator.py Была вызвана функция send_message c параметрами (<common.json_messenger.JSONMessenger object at 0x03B373B8>, {'action': 'message', 'sender': 'Guest', 'time': 1615641429.8891368, 'mess_text': 'afdsgasfrg'}), {}. Используемый модуль: common.json_messenger и функция main(). Также была вызвана функция process.
2021-03-13 16:17:09,897 DEBUG decorator.py Была вызвана функция send_message c параметрами (<common.json_messenger.JSONMessenger object at 0x03B37310>, {'action': 'message', 'sender': 'Guest', 'time': 1615641429.8891368, 'mess_text': 'afdsgasfrg'}), {}. Используемый модуль: common.json_messenger и функция main(). Также была вызвана функция process.
2021-03-13 16:17:12,400 INFO server.py Есть сообщения от клиентов
2021-03-13 16:17:12,401 DEBUG decorator.py Была вызвана функция get_message c параметрами (<common.json_messenger.JSONMessenger object at 0x03B37340>,), {}. Используемый модуль: common.json_messenger и функция main(). Также была вызвана функция process.
2021-03-13 16:17:12,403 DEBUG decorator.py Была вызвана функция process_client_message c параметрами (<__main__.JIMServer object at 0x01440FD0>, <common.json_messenger.JSONMessenger object at 0x03B37340>, {'action': 'message', 'time': 1615641432.0529861, 'account_name': 'Guest', 'mess_text': 'adsfaf'}), {}. Используемый модуль: __main__ и функция main(). Также была вызвана функция process.
2021-03-13 16:17:12,403 INFO server.py Разбор сообщения от клиента : {'action': 'message', 'time': 1615641432.0529861, 'account_name': 'Guest', 'mess_text': 'adsfaf'}
2021-03-13 16:17:12,403 INFO server.py Сообщение от клиента добавлено в очередь
2021-03-13 16:17:12,403 INFO server.py Есть сообщения для отправки и ожидающие клиенты
2021-03-13 16:17:12,405 DEBUG decorator.py Была вызвана функция send_message c параметрами (<common.json_messenger.JSONMessenger object at 0x03B37370>, {'action': 'message', 'sender': 'Guest', 'time': 1615641432.4034348, 'mess_text': 'adsfaf'}), {}. Используемый модуль: common.json_messenger и функция main(). Также была вызвана функция process.
2021-03-13 16:17:12,407 DEBUG decorator.py Была вызвана функция send_message c параметрами (<common.json_messenger.JSONMessenger object at 0x03B37658>, {'action': 'message', 'sender': 'Guest', 'time': 1615641432.4034348, 'mess_text': 'adsfaf'}), {}. Используемый модуль: common.json_messenger и функция main(). Также была вызвана функция process.
2021-03-13 16:17:12,409 DEBUG decorator.py Была вызвана функция send_message c параметрами (<common.json_messenger.JSONMessenger object at 0x03B37628>, {'action': 'message', 'sender': 'Guest', 'time': 1615641432.4034348, 'mess_text': 'adsfaf'}), {}. Используемый модуль: common.json_messenger и функция main(). Также была вызвана функция process.
2021-03-13 16:17:12,411 DEBUG decorator.py Была вызвана функция send_message c параметрами (<common.json_messenger.JSONMessenger object at 0x03B37208>, {'action': 'message', 'sender': 'Guest', 'time': 1615641432.4034348, 'mess_text': 'adsfaf'}), {}. Используемый модуль: common.json_messenger и функция main(). Также была вызвана функция process.
2021-03-13 16:17:12,413 DEBUG decorator.py Была вызвана функция send_message c параметрами (<common.json_messenger.JSONMessenger object at 0x03B37220>, {'action': 'message', 'sender': 'Guest', 'time': 1615641432.4034348, 'mess_text': 'adsfaf'}), {}. Используемый модуль: common.json_messenger и функция main(). Также была вызвана функция process.
2021-03-13 16:21:51,289 DEBUG decorator.py Была вызвана функция start c параметрами (<__main__.JIMServer object at 0x01690FD0>, '', 7777), {}. Используемый модуль: __main__ и функция main(). Также была вызвана функция main.
2021-03-13 16:21:51,289 INFO server.py Запущен сервер, порт для подключений: 7777, адрес с которого принимаются подключения: . Если адрес не указан, принимаются соединения с любых адресов.
2021-03-13 16:21:51,405 INFO server.py Установлено соединение с ПК ('127.0.0.1', 59290)
2021-03-13 16:21:51,425 INFO server.py Установлено соединение с ПК ('127.0.0.1', 59291)
2021-03-13 16:21:51,425 INFO server.py Есть сообщения от клиентов
2021-03-13 16:21:51,427 DEBUG decorator.py Была вызвана функция get_message c параметрами (<common.json_messenger.JSONMessenger object at 0x036B25B0>,), {}. Используемый модуль: common.json_messenger и функция main(). Также была вызвана функция process.
2021-03-13 16:21:51,430 DEBUG decorator.py Была вызвана функция process_client_message c параметрами (<__main__.JIMServer object at 0x01690FD0>, <common.json_messenger.JSONMessenger object at 0x036B25B0>, {'action': 'presence', 'time': 1615641711.4084046, 'user': {'account_name': 'Guest'}}), {}. Используемый модуль: __main__ и функция main(). Также была вызвана функция process.
2021-03-13 16:21:51,430 INFO server.py Разбор сообщения от клиента : {'action': 'presence', 'time': 1615641711.4084046, 'user': {'account_name': 'Guest'}}
2021-03-13 16:21:51,430 INFO server.py Cформирован ответ клиенту {'response': 200}
2021-03-13 16:21:51,434 DEBUG decorator.py Была вызвана функция send_message c параметрами (<common.json_messenger.JSONMessenger object at 0x036B25B0>, {'response': 200}), {}. Используемый модуль: common.json_messenger и функция main(). Также была вызвана функция process_client_message.
2021-03-13 16:21:51,434 INFO server.py Установлено соединение с ПК ('127.0.0.1', 59292)
2021-03-13 16:21:51,434 INFO server.py Есть сообщения от клиентов
2021-03-13 16:21:51,437 DEBUG decorator.py Была вызвана функция get_message c параметрами (<common.json_messenger.JSONMessenger object at 0x036B2358>,), {}. Используемый модуль: common.json_messenger и функция main(). Также была вызвана функция process.
2021-03-13 16:21:51,440 DEBUG decorator.py Была вызвана функция process_client_message c параметрами (<__main__.JIMServer object at 0x01690FD0>, <common.json_messenger.JSONMessenger object at 0x036B2358>, {'action': 'presence', 'time': 1615641711.4289112, 'user': {'account_name': 'Guest'}}), {}. Используемый модуль: __main__ и функция main(). Также была вызвана функция process.
2021-03-13 16:21:51,440 INFO server.py Разбор сообщения от клиента : {'action': 'presence', 'time': 1615641711.4289112, 'user': {'account_name': 'Guest'}}
2021-03-13 16:21:51,440 INFO server.py Cформирован ответ клиенту {'response': 200}
2021-03-13 16:21:51,443 DEBUG decorator.py Была вызвана функция send_message c параметрами (<common.json_messenger.JSONMessenger object at 0x036B2358>, {'response': 200}), {}. Используемый модуль: common.json_messenger и функция main(). Также была вызвана функция process_client_message.
2021-03-13 16:21:51,444 INFO server.py Установлено соединение с ПК ('127.0.0.1', 59293)
2021-03-13 16:21:51,444 INFO server.py Есть сообщения от клиентов
2021-03-13 16:21:51,447 DEBUG decorator.py Была вызвана функция get_message c параметрами (<common.json_messenger.JSONMessenger object at 0x036B25C8>,), {}. Используемый модуль: common.json_messenger и функция main(). Также была вызвана функция process.
2021-03-13 16:21:51,449 DEBUG decorator.py Была вызвана функция process_client_message c параметрами (<__main__.JIMServer object at 0x01690FD0>, <common.json_messenger.JSONMessenger object at 0x036B25C8>, {'action': 'presence', 'time': 1615641711.4386752, 'user': {'account_name': 'Guest'}}), {}. Используемый модуль: __main__ и функция main(). Также была вызвана функция process.
2021-03-13 16:21:51,449 INFO server.py Разбор сообщения от клиента : {'action': 'presence', 'time': 1615641711.4386752, 'user': {'account_name': 'Guest'}}
2021-03-13 16:21:51,450 INFO server.py Cформирован ответ клиенту {'response': 200}
2021-03-13 16:21:51,453 DEBUG decorator.py Была вызвана функция send_message c параметрами (<common.json_messenger.JSONMessenger object at 0x036B25C8>, {'response': 200}), {}. Используемый модуль: common.json_messenger и функция main(). Также была вызвана функция process_client_message.
2021-03-13 16:21:51,454 INFO server.py Установлено соединение с ПК ('127.0.0.1', 59294)
2021-03-13 16:21:51,454 INFO server.py Есть сообщения от клиентов
2021-03-13 16:21:51,456 DEBUG decorator.py Была вызвана функция get_message c параметрами (<common.json_messenger.JSONMessenger object at 0x036B2358>,), {}. Используемый модуль: common.json_messenger и функция main(). Также была вызвана функция process.
2021-03-13 16:21:51,458 DEBUG decorator.py Была вызвана функция process_client_message c параметрами (<__main__.JIMServer object at 0x01690FD0>, <common.json_messenger.JSONMessenger object at 0x036B2358>, {'action': 'presence', 'time': 1615641711.4397135, 'user': {'account_name': 'Guest'}}), {}. Используемый модуль: __main__ и функция main(). Также была вызвана функция process.
2021-03-13 16:21:51,459 INFO server.py Разбор сообщения от клиента : {'action': 'presence', 'time': 1615641711.4397135, 'user': {'account_name': 'Guest'}}
2021-03-13 16:21:51,459 INFO server.py Cформирован ответ клиенту {'response': 200}
2021-03-13 16:21:51,462 DEBUG decorator.py Была вызвана функция send_message c параметрами (<common.json_messenger.JSONMessenger object at 0x036B2358>, {'response': 200}), {}. Используемый модуль: common.json_messenger и функция main(). Также была вызвана функция process_client_message.
2021-03-13 16:21:51,464 DEBUG decorator.py Была вызвана функция get_message c параметрами (<common.json_messenger.JSONMessenger object at 0x036B21C0>,), {}. Используемый модуль: common.json_messenger и функция main(). Также была вызвана функция process.
2021-03-13 16:21:51,466 DEBUG decorator.py Была вызвана функция process_client_message c параметрами (<__main__.JIMServer object at 0x01690FD0>, <common.json_messenger.JSONMessenger object at 0x036B21C0>, {'action': 'presence', 'time': 1615641711.448441, 'user': {'account_name': 'Guest'}}), {}. Используемый модуль: __main__ и функция main(). Также была вызвана функция process.
2021-03-13 16:21:51,466 INFO server.py Разбор сообщения от клиента : {'action': 'presence', 'time': 1615641711.448441, 'user': {'account_name': 'Guest'}}
2021-03-13 16:21:51,466 INFO server.py Cформирован ответ клиенту {'response': 200}
2021-03-13 16:21:51,469 DEBUG decorator.py Была вызвана функция send_message c параметрами (<common.json_messenger.JSONMessenger object at 0x036B21C0>, {'response': 200}), {}. Используемый модуль: common.json_messenger и функция main(). Также была вызвана функция process_client_message.
2021-03-13 16:21:51,469 INFO server.py Установлено соединение с ПК ('127.0.0.1', 59295)
2021-03-13 16:21:51,469 INFO server.py Есть сообщения от клиентов
2021-03-13 16:21:51,472 DEBUG decorator.py Была вызвана функция get_message c параметрами (<common.json_messenger.JSONMessenger object at 0x036B25C8>,), {}. Используемый модуль: common.json_messenger и функция main(). Также была вызвана функция process.
2021-03-13 16:21:51,474 DEBUG decorator.py Была вызвана функция process_client_message c параметрами (<__main__.JIMServer object at 0x01690FD0>, <common.json_messenger.JSONMessenger object at 0x036B25C8>, {'action': 'presence', 'time': 1615641711.4621115, 'user': {'account_name': 'Guest'}}), {}. Используемый модуль: __main__ и функция main(). Также была вызвана функция process.
2021-03-13 16:21:51,474 INFO server.py Разбор сообщения от клиента : {'action': 'presence', 'time': 1615641711.4621115, 'user': {'account_name': 'Guest'}}
2021-03-13 16:21:51,474 INFO server.py Cформирован ответ клиенту {'response': 200}
2021-03-13 16:21:51,476 DEBUG decorator.py Была вызвана функция send_message c параметрами (<common.json_messenger.JSONMessenger object at 0x036B25C8>, {'response': 200}), {}. Используемый модуль: common.json_messenger и функция main(). Также была вызвана функция process_client_message.
2021-03-13 16:21:51,478 INFO server.py Установлено соединение с ПК ('127.0.0.1', 59296)
2021-03-13 16:21:51,978 INFO server.py Есть сообщения от клиентов
2021-03-13 16:21:51,980 DEBUG decorator.py Была вызвана функция get_message c параметрами (<common.json_messenger.JSONMessenger object at 0x036B25B0>,), {}. Используемый модуль: common.json_messenger и функция main(). Также была вызвана функция process.
2021-03-13 16:21:51,981 DEBUG decorator.py Была вызвана функция process_client_message c параметрами (<__main__.JIMServer object at 0x01690FD0>, <common.json_messenger.JSONMessenger object at 0x036B25B0>, {'action': 'presence', 'time': 1615641711.4806669, 'user': {'account_name': 'Guest'}}), {}. Используемый модуль: __main__ и функция main(). Также была вызвана функция process.
2021-03-13 16:21:51,982 INFO server.py Разбор сообщения от клиента : {'action': 'presence', 'time': 1615641711.4806669, 'user': {'account_name': 'Guest'}}
2021-03-13 16:21:51,982 INFO server.py Cформирован ответ клиенту {'response': 200}
2021-03-13 16:21:51,984 DEBUG decorator.py Была вызвана функция send_message c параметрами (<common.json_messenger.JSONMessenger object at 0x036B25B0>, {'response': 200}), {}. Используемый модуль: common.json_messenger и функция main(). Также была вызвана функция process_client_message.
